********************************************************************************
DUPLICATOR-LITE PACKAGE-LOG: January 6, 2021 1:17 pm
NOTICE: Do NOT post to public sites or forums 
********************************************************************************
VERSION:	1.3.40.1
WORDPRESS:	5.6
PHP INFO:	7.4.9 | SAPI: apache2handler
SERVER:		Apache/2.4.46 (Win64) PHP/7.4.9 
PHP TIME LIMIT: (0) no time limit imposed 
PHP MAX MEMORY: 4294967296 (128M default) 
MEMORY STACK: 2MB

********************************************************************************
DATABASE:
********************************************************************************
BUILD MODE:   PHP(query limit - 100)
MYSQLTIMEOUT: 5000
MYSQLDUMP:    Not Supported
TABLES: total:66 | filtered:0 | create:66
FILTERED: []
SQL CREATED: 20210106_customer_complaints_d3f38585e7d8d0794042_20210106131640_database.sql
SQL FILE SIZE: 813.84KB (833368)
SQL FILE TIME: 2021-01-06 13:17:27
SQL RUNTIME: 3.12 sec.

********************************************************************************
ARCHIVE (ZIP):
********************************************************************************
ARCHIVE DIR:  C:/wamp64/www/customer-complaints
ARCHIVE FILE: 20210106_customer_complaints_d3f38585e7d8d0794042_20210106131640_archive.zip
FILTERS: *OFF*
DIRS:
	not set
FILES:
	not set
EXTS:  not set
----------------------------------------
COMPRESSING
SIZE:	69.87MB
STATS:	Dirs 557 | Files 4,353
SQL ADDED: 20210106_customer_complaints_d3f38585e7d8d0794042_20210106131640_database.sql
ZipArchive Object
(
    [status] => 0
    [statusSys] => 0
    [numFiles] => 4910
    [filename] => C:\wamp64\www\customer-complaints\wp-content\backups-dup-lite\tmp\20210106_customer_complaints_d3f38585e7d8d0794042_20210106131640_archive.zip
    [comment] => 
)

FILE ADDED TO ZIP: 4909
COMPRESSION RESULT: '1'
COMPRESSED SIZE: 23.99MB
ARCHIVE RUNTIME: 57.64 sec.
MEMORY STACK: 4MB
building installer
add_extra_files1
add_extra_files2
add_extra_files3
add_extra_files4
Doing archive file check
add_extra_files5
add_extra_files6
add_extra_files8
Successfully opened zip C:/wamp64/www/customer-complaints/wp-content/backups-dup-lite/tmp/20210106_customer_complaints_d3f38585e7d8d0794042_20210106131640_archive.zip
Adding enhanced installer files to archive using ZipArchive
Installer files added to archive
Added to archive
After ziparchive close when adding installer

********************************************************************************
INTEGRITY CHECKS:
********************************************************************************
SQL FILE: 813.84KB
INSTALLER FILE: 61.3KB
ARCHIVE FILE: 25.49MB 
EXPECTED FILE/DIRECTORY COUNT: 4,910
ACTUAL FILE/DIRECTORY COUNT: 4,909
ARCHIVE CONSISTENCY TEST: Pass

********************************************************************************
RECORD ID:[1]
TOTAL PROCESS RUNTIME: 66.02 sec.
PEAK PHP MEMORY USED: 6MB
DONE PROCESSING => 20210106_customer_complaints January 6, 2021 1:18 pm

